CBMC version 5.61.0 (cbmc-5.61.0-111-g2a9c1069ad) 64-bit x86_64 linux
Parsing examples/sample_ass_3.swarm/_csdr_sample_ass_3__instance_0_s1.c
Converting
Type-checking _csdr_sample_ass_3__instance_0_s1
Generating GOTO Program
Adding CPROVER library (x86_64)
Removal of function pointers and virtual functions
Generic Property Instrumentation
Adding nondeterministic initialization of static/global variables
Running with 8 object bits, 24 offset bits (default)
Starting Bounded Model Checking
aborting path on assume(false) at file examples/sample_ass_3.swarm/_csdr_sample_ass_3__instance_0_s1.c line 383 function thread3_0 thread 0
Runtime Symex: 0.0763542s
size of program expression: 797 steps
simple slicing removed 5 assignments
Generated 5 VCC(s), 3 remaining after simplification
Runtime Postprocess Equation: 8.9629e-05s
Passing problem to propositional reduction
converting SSA
Runtime Convert SSA: 0.0220504s
Running propositional reduction
Post-processing
Runtime Post-process: 5.5246e-05s
Solving with MiniSAT 2.2.1 with simplifier
4186 variables, 9432 clauses
SAT checker: instance is SATISFIABLE
Runtime Solver: 0.0162404s
Runtime decision procedure: 0.0385127s
Running propositional reduction
Solving with MiniSAT 2.2.1 with simplifier
4186 variables, 2887 clauses
SAT checker: instance is SATISFIABLE
Runtime Solver: 0.000200815s
Runtime decision procedure: 0.000245241s
Running propositional reduction
Solving with MiniSAT 2.2.1 with simplifier
4186 variables, 2886 clauses
SAT checker: instance is SATISFIABLE
Runtime Solver: 0.000695496s
Runtime decision procedure: 0.000741376s

** Results:
examples/sample_ass_3.swarm/_csdr_sample_ass_3__instance_0_s1.c function __cs_barrier_init
[__cs_barrier_init.assertion.1] line 183 count must be greater than 0: SUCCESS

examples/sample_ass_3.swarm/_csdr_sample_ass_3__instance_0_s1.c function __cs_barrier_wait_1
[__cs_barrier_wait_1.assertion.1] line 196 attempt to use an uninitialized barrier variable: SUCCESS

examples/sample_ass_3.swarm/_csdr_sample_ass_3__instance_0_s1.c function __cs_barrier_wait_2
[__cs_barrier_wait_2.assertion.1] line 202 attempt to use an uninitialized barrier variable: SUCCESS

examples/sample_ass_3.swarm/_csdr_sample_ass_3__instance_0_s1.c function __cs_cond_wait_1
[__cs_cond_wait_1.assertion.1] line 153 attempt to use an uninitialized conditional variable: SUCCESS
[__cs_cond_wait_1.assertion.2] line 154 attempt to use a destroyed conditional variable: SUCCESS

examples/sample_ass_3.swarm/_csdr_sample_ass_3__instance_0_s1.c function __cs_mutex_destroy
[__cs_mutex_destroy.assertion.1] line 115 attempt to destroy an uninitialized mutex: SUCCESS
[__cs_mutex_destroy.assertion.2] line 116 attempt to destroy a previously destroyed mutex: SUCCESS
[__cs_mutex_destroy.assertion.3] line 117 attempt to destroy a locked mutex: SUCCESS

examples/sample_ass_3.swarm/_csdr_sample_ass_3__instance_0_s1.c function __cs_mutex_lock
[__cs_mutex_lock.assertion.1] line 124 attempt to lock an uninitialized mutex: FAILURE
[__cs_mutex_lock.assertion.2] line 125 attempt to lock a destroyed mutex: FAILURE

examples/sample_ass_3.swarm/_csdr_sample_ass_3__instance_0_s1.c function __cs_mutex_unlock
[__cs_mutex_unlock.assertion.1] line 133 attempt to unlock an uninitialized mutex: SUCCESS
[__cs_mutex_unlock.assertion.2] line 134 attempt to unlock a destroyed mutex: SUCCESS

examples/sample_ass_3.swarm/_csdr_sample_ass_3__instance_0_s1.c function main
[main.assertion.1] line 494 Data race failure: FAILURE

** 3 of 13 failed (4 iterations)
VERIFICATION FAILED
