@###########  FAILED  ######
201_inc: VERIFICATION FAILED
207_rand: VERIFICATION FAILED
215_dekker: VERIFICATION FAILED
216_peterson: VERIFICATION FAILED
217_szymanski: VERIFICATION FAILED
220_lamport: VERIFICATION FAILED
227_Boop_simple_vf: VERIFICATION FAILED
230_Function_Pointer3_vs: VERIFICATION FAILED
232_pthread5_vs: VERIFICATION FAILED
237_stack_lock_p0_vs_concur: VERIFICATION FAILED
239_rand_lock_p0_vs: VERIFICATION FAILED
245_monabsex1_vs: VERIFICATION FAILED
246_monabsex2_vs: VERIFICATION FAILED
2barrier_2t: VERIFICATION FAILED
2barrier_3t: VERIFICATION FAILED
2bigshot_p: VERIFICATION FAILED
2bounded_buffer: VERIFICATION FAILED
2char_generic_nvram_read_nvram_write_nvram: VERIFICATION FAILED
2dekker: VERIFICATION FAILED
2divinefifo_1w1r: VERIFICATION FAILED
2divinefifo-bug_1w1r: VERIFICATION FAILED
2elimination_backoff_stack: VERIFICATION FAILED
2fk2012: VERIFICATION FAILED
2fkp2013-1: VERIFICATION FAILED
2fkp2013-2: VERIFICATION FAILED
2fkp2013_variant-1: VERIFICATION FAILED
2fkp2013_variant-2: VERIFICATION FAILED
2lamport: VERIFICATION FAILED
2MODIFIEDchar_pc8736x_gpio_pc8736x_gpio_change_pc8736x_gpio_current: VERIFICATION FAILED
2MODIFIEDchar_pc8736x_gpio_pc8736x_gpio_change_pc8736x_gpio_set: VERIFICATION FAILED
2MODIFIEDchar_pc8736x_gpio_pc8736x_gpio_current_pc8736x_gpio_set: VERIFICATION FAILED
2nondet-array-1: VERIFICATION FAILED
2nondet-array-2: VERIFICATION FAILED
2nondet-loop-bound-1: VERIFICATION FAILED
2nondet-loop-bound-2: VERIFICATION FAILED
2nondet-loop-bound-variant-1: VERIFICATION FAILED
2nondet-loop-bound-variant-2: VERIFICATION FAILED
2one_time_barrier_2t: VERIFICATION FAILED
2one_time_barrier_3t: VERIFICATION FAILED
2one_time_barrier_twice_2t: VERIFICATION FAILED
2one_time_barrier_twice_3t: VERIFICATION FAILED
2peterson: VERIFICATION FAILED
2pthread-demo-datarace-2: VERIFICATION FAILED
2qrcu-1: VERIFICATION FAILED
2qrcu-2: VERIFICATION FAILED
2qw2004-2: VERIFICATION FAILED
2race-1_2-join: VERIFICATION FAILED
2race-1_3-join: VERIFICATION FAILED
2race-2_1-container_of: VERIFICATION FAILED
2race-2_2-container_of: VERIFICATION FAILED
2race-2_3-container_of: VERIFICATION FAILED
2race-2_4-container_of: VERIFICATION FAILED
2race-2_5-container_of: VERIFICATION FAILED
2race-3_1-container_of-global: VERIFICATION FAILED
2race-3_2-container_of-global: VERIFICATION FAILED
2race-4_2-thread_local_vars: VERIFICATION FAILED
2read_write_lock-1: VERIFICATION FAILED
2read_write_lock-2: VERIFICATION FAILED
2reorder_2: VERIFICATION FAILED
2scull: VERIFICATION FAILED
2singleton: VERIFICATION FAILED
2singleton_with-uninit-problems: VERIFICATION FAILED
2szymanski: VERIFICATION FAILED
2twostage_3: VERIFICATION FAILED
2workstealqueue_mutex-1: VERIFICATION FAILED
2workstealqueue_mutex-2: VERIFICATION FAILED

@############  SUCCESSFUL  ########
225_stack: VERIFICATION SUCCESSFUL
225_stack_longer-1: VERIFICATION SUCCESSFUL
225_stack_longer-2: VERIFICATION SUCCESSFUL
225_stack_longest-1: VERIFICATION SUCCESSFUL
225_stack_longest-2: VERIFICATION SUCCESSFUL
226_stack_cas: VERIFICATION SUCCESSFUL
226_stack_cas_longer-1: VERIFICATION SUCCESSFUL
226_stack_cas_longer-2: VERIFICATION SUCCESSFUL
236_stack_cas_p0_vs_concur: VERIFICATION SUCCESSFUL
@###########  Invalid check failed  #########
@#############  PARSING ERROR  ###########
@############  CONVERSION ERROR  ###########
@############  Timeout  ############

@############  ERROR  ###########
2sssc12: VERIFICATION FAILED ## goes back to "per-object" analysis internal error
@#########   SAT out of memory  ##############
226_stack_cas_longest-1: SAT checker ran out of memory
226_stack_cas_longest-2: SAT checker ran out of memory
TOTAL = 78
